[DEBUG][20-10-08][org.apache.ibatis.logging.LogFactory]Logging initialized using 'class org.apache.ibatis.logging.log4j.Log4jImpl' adapter.
[DEBUG][20-10-08][org.apache.ibatis.logging.LogFactory]Logging initialized using 'class org.apache.ibatis.logging.log4j.Log4jImpl' adapter.
[DEBUG][20-10-08][org.apache.ibatis.datasource.pooled.PooledDataSource]PooledDataSource forcefully closed/removed all connections.
[DEBUG][20-10-08][org.apache.ibatis.datasource.pooled.PooledDataSource]PooledDataSource forcefully closed/removed all connections.
[DEBUG][20-10-08][org.apache.ibatis.datasource.pooled.PooledDataSource]PooledDataSource forcefully closed/removed all connections.
[DEBUG][20-10-08][org.apache.ibatis.datasource.pooled.PooledDataSource]PooledDataSource forcefully closed/removed all connections.
[DEBUG][20-10-08][org.apache.ibatis.transaction.jdbc.JdbcTransaction]Opening JDBC Connection
[DEBUG][20-10-08][org.apache.ibatis.datasource.pooled.PooledDataSource]Created connection 1830745997.
[DEBUG][20-10-08][org.apache.ibatis.transaction.jdbc.JdbcTransaction]Setting autocommit to false on JDBC Connection [com.mysql.jdbc.JDBC4Connection@6d1ef78d]
[DEBUG][20-10-08][com.kuang.dao.UserMapper.getUserById]==>  Preparing: select * from mybatis.user where id = ? 
[DEBUG][20-10-08][com.kuang.dao.UserMapper.getUserById]==> Parameters: 1(Integer)
[DEBUG][20-10-08][com.kuang.dao.UserMapper.getUserById]<==      Total: 1
[DEBUG][20-10-08][org.apache.ibatis.transaction.jdbc.JdbcTransaction]Resetting autocommit to true on JDBC Connection [com.mysql.jdbc.JDBC4Connection@6d1ef78d]
[DEBUG][20-10-08][org.apache.ibatis.transaction.jdbc.JdbcTransaction]Closing JDBC Connection [com.mysql.jdbc.JDBC4Connection@6d1ef78d]
[DEBUG][20-10-08][org.apache.ibatis.datasource.pooled.PooledDataSource]Returned connection 1830745997 to pool.
[DEBUG][20-10-10][org.apache.ibatis.logging.LogFactory]Logging initialized using 'class org.apache.ibatis.logging.log4j.Log4jImpl' adapter.
[DEBUG][20-10-10][org.apache.ibatis.logging.LogFactory]Logging initialized using 'class org.apache.ibatis.logging.log4j.Log4jImpl' adapter.
[DEBUG][20-10-10][org.apache.ibatis.datasource.pooled.PooledDataSource]PooledDataSource forcefully closed/removed all connections.
[DEBUG][20-10-10][org.apache.ibatis.datasource.pooled.PooledDataSource]PooledDataSource forcefully closed/removed all connections.
[DEBUG][20-10-10][org.apache.ibatis.datasource.pooled.PooledDataSource]PooledDataSource forcefully closed/removed all connections.
[DEBUG][20-10-10][org.apache.ibatis.datasource.pooled.PooledDataSource]PooledDataSource forcefully closed/removed all connections.
[DEBUG][20-10-10][org.apache.ibatis.transaction.jdbc.JdbcTransaction]Opening JDBC Connection
[DEBUG][20-10-10][org.apache.ibatis.datasource.pooled.PooledDataSource]Created connection 1077873186.
[DEBUG][20-10-10][org.apache.ibatis.transaction.jdbc.JdbcTransaction]Setting autocommit to false on JDBC Connection [com.mysql.jdbc.JDBC4Connection@403f0a22]
[DEBUG][20-10-10][com.kuang.dao.UserMapper.addUser]==>  Preparing: insert into mybatis.user(id, name, pwd, age) values (?,?,?,?) 
[DEBUG][20-10-10][com.kuang.dao.UserMapper.addUser]==> Parameters: 3(Integer), 呜2呜(String), 232333(String), 21(Integer)
[DEBUG][20-10-10][com.kuang.dao.UserMapper.addUser]<==    Updates: 1
[DEBUG][20-10-10][org.apache.ibatis.transaction.jdbc.JdbcTransaction]Committing JDBC Connection [com.mysql.jdbc.JDBC4Connection@403f0a22]
[DEBUG][20-10-10][org.apache.ibatis.transaction.jdbc.JdbcTransaction]Resetting autocommit to true on JDBC Connection [com.mysql.jdbc.JDBC4Connection@403f0a22]
[DEBUG][20-10-10][org.apache.ibatis.transaction.jdbc.JdbcTransaction]Closing JDBC Connection [com.mysql.jdbc.JDBC4Connection@403f0a22]
[DEBUG][20-10-10][org.apache.ibatis.datasource.pooled.PooledDataSource]Returned connection 1077873186 to pool.
[DEBUG][20-10-10][org.apache.ibatis.logging.LogFactory]Logging initialized using 'class org.apache.ibatis.logging.log4j.Log4jImpl' adapter.
[DEBUG][20-10-10][org.apache.ibatis.logging.LogFactory]Logging initialized using 'class org.apache.ibatis.logging.log4j.Log4jImpl' adapter.
[DEBUG][20-10-10][org.apache.ibatis.datasource.pooled.PooledDataSource]PooledDataSource forcefully closed/removed all connections.
[DEBUG][20-10-10][org.apache.ibatis.datasource.pooled.PooledDataSource]PooledDataSource forcefully closed/removed all connections.
[DEBUG][20-10-10][org.apache.ibatis.datasource.pooled.PooledDataSource]PooledDataSource forcefully closed/removed all connections.
[DEBUG][20-10-10][org.apache.ibatis.datasource.pooled.PooledDataSource]PooledDataSource forcefully closed/removed all connections.
[DEBUG][20-10-10][org.apache.ibatis.transaction.jdbc.JdbcTransaction]Opening JDBC Connection
[DEBUG][20-10-10][org.apache.ibatis.datasource.pooled.PooledDataSource]Created connection 973843173.
[DEBUG][20-10-10][org.apache.ibatis.transaction.jdbc.JdbcTransaction]Setting autocommit to false on JDBC Connection [com.mysql.jdbc.JDBC4Connection@3a0baae5]
[DEBUG][20-10-10][com.kuang.dao.UserMapper.addUser]==>  Preparing: insert into mybatis.user(id, name, pwd, age) values (?,?,?,?) 
[DEBUG][20-10-10][com.kuang.dao.UserMapper.addUser]==> Parameters: 4(Integer), 小明(String), 232333(String), 21(Integer)
[DEBUG][20-10-10][com.kuang.dao.UserMapper.addUser]<==    Updates: 1
[DEBUG][20-10-10][org.apache.ibatis.transaction.jdbc.JdbcTransaction]Committing JDBC Connection [com.mysql.jdbc.JDBC4Connection@3a0baae5]
[DEBUG][20-10-10][org.apache.ibatis.transaction.jdbc.JdbcTransaction]Resetting autocommit to true on JDBC Connection [com.mysql.jdbc.JDBC4Connection@3a0baae5]
[DEBUG][20-10-10][org.apache.ibatis.transaction.jdbc.JdbcTransaction]Closing JDBC Connection [com.mysql.jdbc.JDBC4Connection@3a0baae5]
[DEBUG][20-10-10][org.apache.ibatis.datasource.pooled.PooledDataSource]Returned connection 973843173 to pool.
[DEBUG][20-10-10][org.apache.ibatis.logging.LogFactory]Logging initialized using 'class org.apache.ibatis.logging.log4j.Log4jImpl' adapter.
[DEBUG][20-10-10][org.apache.ibatis.logging.LogFactory]Logging initialized using 'class org.apache.ibatis.logging.log4j.Log4jImpl' adapter.
[DEBUG][20-10-10][org.apache.ibatis.datasource.pooled.PooledDataSource]PooledDataSource forcefully closed/removed all connections.
[DEBUG][20-10-10][org.apache.ibatis.datasource.pooled.PooledDataSource]PooledDataSource forcefully closed/removed all connections.
[DEBUG][20-10-10][org.apache.ibatis.datasource.pooled.PooledDataSource]PooledDataSource forcefully closed/removed all connections.
[DEBUG][20-10-10][org.apache.ibatis.datasource.pooled.PooledDataSource]PooledDataSource forcefully closed/removed all connections.
[DEBUG][20-10-10][org.apache.ibatis.transaction.jdbc.JdbcTransaction]Opening JDBC Connection
[DEBUG][20-10-10][org.apache.ibatis.datasource.pooled.PooledDataSource]Created connection 1320388319.
[DEBUG][20-10-10][org.apache.ibatis.transaction.jdbc.JdbcTransaction]Setting autocommit to false on JDBC Connection [com.mysql.jdbc.JDBC4Connection@4eb386df]
[DEBUG][20-10-10][com.kuang.dao.UserMapper.addUser]==>  Preparing: insert into mybatis.user(id, name, pwd, age) values (?,?,?,?) 
[DEBUG][20-10-10][com.kuang.dao.UserMapper.addUser]==> Parameters: 5(Integer), 小美(String), 111133(String), 18(Integer)
[DEBUG][20-10-10][com.kuang.dao.UserMapper.addUser]<==    Updates: 1
[DEBUG][20-10-10][org.apache.ibatis.transaction.jdbc.JdbcTransaction]Committing JDBC Connection [com.mysql.jdbc.JDBC4Connection@4eb386df]
[DEBUG][20-10-10][org.apache.ibatis.transaction.jdbc.JdbcTransaction]Resetting autocommit to true on JDBC Connection [com.mysql.jdbc.JDBC4Connection@4eb386df]
[DEBUG][20-10-10][org.apache.ibatis.transaction.jdbc.JdbcTransaction]Closing JDBC Connection [com.mysql.jdbc.JDBC4Connection@4eb386df]
[DEBUG][20-10-10][org.apache.ibatis.datasource.pooled.PooledDataSource]Returned connection 1320388319 to pool.
